<?xml version="1.0" encoding="UTF-8"?>
<testng-results skipped="0" failed="0" ignored="0" total="1" passed="1">
  <reporter-output>
  </reporter-output>
  <suite name="Default suite" duration-ms="99944" started-at="2017-05-28T16:11:07Z" finished-at="2017-05-28T16:12:47Z">
    <groups>
    </groups>
    <test name="Default test" duration-ms="99944" started-at="2017-05-28T16:11:07Z" finished-at="2017-05-28T16:12:47Z">
      <class name="com.projectssanitypacks.automation.HomePage.Tc001_VerifyLoginWithInvalidCredential">
        <test-method status="PASS" signature="setUp()[pri:0, instance:com.projectssanitypacks.automation.HomePage.Tc001_VerifyLoginWithInvalidCredential@42dafa95]" name="setUp" is-config="true" duration-ms="15974" started-at="2017-05-28T21:41:07Z" finished-at="2017-05-28T21:41:23Z">
          <reporter-output>
          </reporter-output>
        </test-method> <!-- setUp -->
        <test-method status="PASS" signature="verifyLoginWithInvalidCredential()[pri:0, instance:com.projectssanitypacks.automation.HomePage.Tc001_VerifyLoginWithInvalidCredential@42dafa95]" name="verifyLoginWithInvalidCredential" duration-ms="83815" started-at="2017-05-28T21:41:23Z" finished-at="2017-05-28T21:42:47Z">
          <reporter-output>
          </reporter-output>
        </test-method> <!-- verifyLoginWithInvalidCredential -->
        <test-method status="PASS" signature="endTest()[pri:0, instance:com.projectssanitypacks.automation.HomePage.Tc001_VerifyLoginWithInvalidCredential@42dafa95]" name="endTest" is-config="true" duration-ms="137" started-at="2017-05-28T21:42:47Z" finished-at="2017-05-28T21:42:47Z">
          <reporter-output>
          </reporter-output>
        </test-method> <!-- endTest -->
      </class> <!-- com.projectssanitypacks.automation.HomePage.Tc001_VerifyLoginWithInvalidCredential -->
    </test> <!-- Default test -->
  </suite> <!-- Default suite -->
</testng-results>
